[0.015s] Invoking command in '/home/feld/ros2_ws/build/tutorial_interfaces': DEBUGINFOD_URLS=https://debuginfod.ubuntu.com /usr/bin/cmake --build /home/feld/ros2_ws/build/tutorial_interfaces -- -j8 -l8
[0.049s] -- Found ament_cmake: 2.5.4 (/opt/ros/jazzy/share/ament_cmake/cmake)
[0.287s] -- Found ament_lint_auto: 0.17.2 (/opt/ros/jazzy/share/ament_lint_auto/cmake)
[0.424s] Error parsing '/home/feld/ros2_ws/src/tutorial_interfaces/package.xml':
[2.782s] Traceback (most recent call last):
[2.782s]   File "/opt/ros/jazzy/share/ament_cmake_core/cmake/core/package_xml_2_cmake.py", line 150, in <module>
[2.783s]     main()
[2.783s]   File "/opt/ros/jazzy/share/ament_cmake_core/cmake/core/package_xml_2_cmake.py", line 53, in main
[2.783s]     raise e
[2.784s]   File "/opt/ros/jazzy/share/ament_cmake_core/cmake/core/package_xml_2_cmake.py", line 49, in main
[2.784s]     package = parse_package_string(
[2.784s]               ^^^^^^^^^^^^^^^^^^^^^
[2.784s]   File "/usr/lib/python3/dist-packages/catkin_pkg/package.py", line 788, in parse_package_string
[2.784s]     pkg.validate(warnings=warnings)
[2.784s]   File "/usr/lib/python3/dist-packages/catkin_pkg/package.py", line 330, in validate
[2.784s]     raise InvalidPackage('\n'.join(errors), self.filename)
[2.785s] catkin_pkg.package.InvalidPackage: Error(s) in package '/home/feld/ros2_ws/src/tutorial_interfaces/package.xml':
[2.785s] The package "tutorial_interfaces" must not "exec_depend" on a package with the same name as this package
[2.846s] [31mCMake Error at /opt/ros/jazzy/share/ament_cmake_core/cmake/core/ament_package_xml.cmake:95 (message):
[2.846s]   execute_process(/usr/bin/python3
[2.846s]   /opt/ros/jazzy/share/ament_cmake_core/cmake/core/package_xml_2_cmake.py
[2.846s]   /home/feld/ros2_ws/src/tutorial_interfaces/package.xml
[2.847s]   /home/feld/ros2_ws/build/tutorial_interfaces/ament_cmake_core/package.cmake)
[2.847s]   returned error code 1
[2.847s] Call Stack (most recent call first):
[2.847s]   /opt/ros/jazzy/share/ament_cmake_core/cmake/core/ament_package_xml.cmake:49 (_ament_package_xml)
[2.847s]   /opt/ros/jazzy/share/ament_lint_auto/cmake/ament_lint_auto_find_test_dependencies.cmake:31 (ament_package_xml)
[2.847s]   CMakeLists.txt:23 (ament_lint_auto_find_test_dependencies)
[2.848s] 
[2.848s] [0m
[2.848s] -- Configuring incomplete, errors occurred!
[2.851s] gmake: *** [Makefile:1085: cmake_check_build_system] Error 1
[2.854s] Invoked command in '/home/feld/ros2_ws/build/tutorial_interfaces' returned '2': DEBUGINFOD_URLS=https://debuginfod.ubuntu.com /usr/bin/cmake --build /home/feld/ros2_ws/build/tutorial_interfaces -- -j8 -l8
