[0.015s] Invoking command in '/home/feld/ros2_ws/build/tutorial_interfaces': DEBUGINFOD_URLS=https://debuginfod.ubuntu.com /usr/bin/cmake --build /home/feld/ros2_ws/build/tutorial_interfaces -- -j8 -l8
[0.055s] -- Found ament_cmake: 2.5.4 (/opt/ros/jazzy/share/ament_cmake/cmake)
[0.098s] -- Found Python3: /usr/bin/python3 (found version "3.12.3") found components: Interpreter 
[0.224s] -- Found ament_lint_auto: 0.17.2 (/opt/ros/jazzy/share/ament_lint_auto/cmake)
[0.333s] Error parsing '/home/feld/ros2_ws/src/tutorial_interfaces/package.xml':
[3.279s] Traceback (most recent call last):
[3.279s]   File "/opt/ros/jazzy/share/ament_cmake_core/cmake/core/package_xml_2_cmake.py", line 150, in <module>
[3.280s]     main()
[3.280s]   File "/opt/ros/jazzy/share/ament_cmake_core/cmake/core/package_xml_2_cmake.py", line 53, in main
[3.281s]     raise e
[3.281s]   File "/opt/ros/jazzy/share/ament_cmake_core/cmake/core/package_xml_2_cmake.py", line 49, in main
[3.281s]     package = parse_package_string(
[3.281s]               ^^^^^^^^^^^^^^^^^^^^^
[3.282s]   File "/usr/lib/python3/dist-packages/catkin_pkg/package.py", line 788, in parse_package_string
[3.282s]     pkg.validate(warnings=warnings)
[3.282s]   File "/usr/lib/python3/dist-packages/catkin_pkg/package.py", line 330, in validate
[3.283s]     raise InvalidPackage('\n'.join(errors), self.filename)
[3.283s] catkin_pkg.package.InvalidPackage: Error(s) in package '/home/feld/ros2_ws/src/tutorial_interfaces/package.xml':
[3.283s] The package "tutorial_interfaces" must not "exec_depend" on a package with the same name as this package
[3.350s] [31mCMake Error at /opt/ros/jazzy/share/ament_cmake_core/cmake/core/ament_package_xml.cmake:95 (message):
[3.351s]   execute_process(/usr/bin/python3
[3.351s]   /opt/ros/jazzy/share/ament_cmake_core/cmake/core/package_xml_2_cmake.py
[3.351s]   /home/feld/ros2_ws/src/tutorial_interfaces/package.xml
[3.351s]   /home/feld/ros2_ws/build/tutorial_interfaces/ament_cmake_core/package.cmake)
[3.352s]   returned error code 1
[3.352s] Call Stack (most recent call first):
[3.352s]   /opt/ros/jazzy/share/ament_cmake_core/cmake/core/ament_package_xml.cmake:49 (_ament_package_xml)
[3.352s]   /opt/ros/jazzy/share/ament_lint_auto/cmake/ament_lint_auto_find_test_dependencies.cmake:31 (ament_package_xml)
[3.353s]   CMakeLists.txt:23 (ament_lint_auto_find_test_dependencies)
[3.353s] 
[3.353s] [0m
[3.353s] -- Configuring incomplete, errors occurred!
[3.356s] gmake: *** [Makefile:1085: cmake_check_build_system] Error 1
[3.360s] Invoked command in '/home/feld/ros2_ws/build/tutorial_interfaces' returned '2': DEBUGINFOD_URLS=https://debuginfod.ubuntu.com /usr/bin/cmake --build /home/feld/ros2_ws/build/tutorial_interfaces -- -j8 -l8
